[2023-03-19 01:33:54] [INFO] Starting up...
[2023-03-19 01:33:54] [INFO] Loading cogs...
[2023-03-19 01:33:54] [INFO] Loaded cogs.About_People
[2023-03-19 01:33:54] [INFO] Loaded cogs.admin
[2023-03-19 01:33:54] [INFO] Loaded cogs.AutoResponses
[2023-03-19 01:33:54] [INFO] Loaded cogs.economy
[2023-03-19 01:33:54] [INFO] Loaded cogs.fun
[2023-03-19 01:33:54] [INFO] Loaded cogs.owner
[2023-03-19 01:33:55] [INFO] Loaded cogs.spot
[2023-03-19 01:33:55] [INFO] Loaded cogs.marriage
[2023-03-19 01:33:55] [INFO] Loaded all cogs
[2023-03-19 01:33:58] [INFO] Logged in as Shpike#2203
[2023-03-19 01:33:58] [INFO] ID: 944252688986693752
[2023-03-19 01:33:58] [INFO] Prefix: ['--', '']
[2023-03-19 01:33:58] [INFO] Loaded cogs: 8
[2023-03-19 01:33:58] [INFO] Loaded commands: 60
[2023-03-19 01:33:58] [INFO] Ready!
[2023-03-19 01:33:58] [INFO]                                                          
[2023-03-19 01:33:58] [INFO] Bank database connected
[2023-03-19 01:33:58] [INFO] Marriage database connected
[2023-03-19 08:46:15] [INFO] Aiire#3238 edited a message in go comments II.
Before: we farming cobble now!
After: we farming cobble now?
[2023-03-19 11:04:58] [INFO] xerxes#5800 edited a message in go comments II.
Before: Cant take bro anywhere 
After: Cant take bro anywhere 
[2023-03-19 11:18:41] [INFO] Aiire#3238 deleted a message in go comments II.
Message: Nothing on earth could pull me out
[2023-03-19 13:32:37] [INFO] Derrick#0223 edited a message in go comments II.
Before: can you niglins stop stealing my sugar cane. like damn i allow y'all to take some, not most. can't have shit in
After: can you niglins stop stealing my sugar cane. like damn i allow y'all to take some, not most. can't have shit in detroit
