[2023-03-13 21:17:09] [INFO] Starting up...
[2023-03-13 21:17:09] [INFO] Loading cogs...
[2023-03-13 21:17:10] [INFO] Loaded cogs.About_People
[2023-03-13 21:17:10] [INFO] Loaded cogs.admin
[2023-03-13 21:17:10] [INFO] Loaded cogs.AutoResponses
[2023-03-13 21:17:10] [INFO] Loaded cogs.economy
[2023-03-13 21:17:10] [INFO] Loaded cogs.fun
[2023-03-13 21:17:10] [INFO] Loaded cogs.owner
[2023-03-13 21:17:10] [INFO] Loaded cogs.spot
[2023-03-13 21:17:10] [INFO] Loaded cogs.marriage
[2023-03-13 21:17:10] [INFO] Loaded all cogs
[2023-03-13 21:17:12] [INFO] Logged in as Shpike#2203
[2023-03-13 21:17:12] [INFO] ID: 944252688986693752
[2023-03-13 21:17:12] [INFO] Prefix: ['--', '']
[2023-03-13 21:17:12] [INFO] Loaded cogs: 8
[2023-03-13 21:17:12] [INFO] Loaded commands: 60
[2023-03-13 21:17:12] [INFO] Ready!
[2023-03-13 21:17:12] [INFO]                                                          
[2023-03-13 21:17:13] [INFO] Bank database connected
[2023-03-13 21:17:13] [INFO] Marriage database connected
[2023-03-13 22:25:49] [INFO] Derrick#0223 edited a message in go comments II.
Before: how does ms graham to submit 3 files????
After: how does ms graham want us to submit 3 files????
[2023-03-13 23:30:57] [INFO] itsysa.#8356 edited a message in go comments II.
Before: Hes all dropped out
After: Hes all dripped out
[2023-03-13 23:38:35] [INFO] SkyboundYT#4468 deleted a message in go comments II.
Message: 
[2023-03-13 23:39:04] [INFO] Derrick#0223 edited a message in go comments II.
Before: Brian go to bed
After: Brizz go to bed
[2023-03-14 08:02:57] [INFO] Derrick#0223 edited a message in go comments II.
Before: <@621416909396770816> it hit canceled
After: <@621416909396770816> it got canceled
[2023-03-14 09:32:42] [INFO] xerxes#5800 deleted a message in go comments II.
Message: 
[2023-03-14 10:04:05] [INFO] Aresien#4329 deleted a message in go comments II.
Message: <@1026575094451019837>  Send feet pics<:moyai:1074517339057438740>
[2023-03-14 10:04:12] [INFO] Aresien#4329 deleted a message in go comments II.
Message: K
[2023-03-14 10:04:16] [INFO] Aresien#4329 deleted a message in go comments II.
Message: K
[2023-03-14 10:04:19] [INFO] Aresien#4329 deleted a message in go comments II.
Message: K
[2023-03-14 11:37:35] [INFO] Jankyy#0267 deleted a message in go comments II.
Message: imma bust a nut in marks twink ass
[2023-03-14 11:37:38] [INFO] Jankyy#0267 deleted a message in go comments II.
Message: fucck
[2023-03-14 11:52:28] [INFO] Aresien#4329 deleted a message in go comments II.
Message: https://tenor.com/view/letter-surprise-gif-24121350
[2023-03-14 12:01:00] [INFO] Derrick#0223 edited a message in go comments II.
Before: damn you need huh
After: damn you need head huh
[2023-03-14 13:05:29] [INFO] SkyboundYT#4468 deleted a message in go comments II.
Message: 
[2023-03-14 13:08:11] [INFO] Derrick#0223 deleted a message in go comments II.
Message: 
[2023-03-14 14:14:06] [INFO] SkyboundYT#4468 deleted a message in go comments II.
Message: 
[2023-03-14 14:14:21] [INFO] SkyboundYT#4468 deleted a message in go comments II.
Message: TWLL HIM
[2023-03-14 14:14:27] [INFO] SkyboundYT#4468 deleted a message in go comments II.
Message: TO GIVE ME 6
[2023-03-14 14:14:30] [INFO] SkyboundYT#4468 deleted a message in go comments II.
Message: AND 5
[2023-03-14 14:14:41] [INFO] SkyboundYT#4468 deleted a message in go comments II.
Message: GIVE ME 5 AND 6
[2023-03-14 14:15:11] [INFO] SkyboundYT#4468 deleted a message in go comments II.
Message: I WANT 5 AND 6
[2023-03-14 14:15:15] [INFO] SkyboundYT#4468 deleted a message in go comments II.
Message: ARE YOU WALKING???
[2023-03-14 14:20:55] [INFO] SkyboundYT#4468 deleted a message in go comments II.
Message: I WANT 5 AND 6
[2023-03-14 14:47:38] [INFO] angelofr#4095 deleted a message in go comments II.
Message: 
[2023-03-14 14:50:05] [INFO] smalltitties#1451 edited a message in go comments II.
Before: bruj
After: bruh
[2023-03-14 16:56:46] [INFO] benny bean#3581 edited a message in go comments II.
Before: carmen is sus
After: carmen looks sus
[2023-03-14 17:46:06] [INFO] Flam#8545 deleted a message in go comments II.
Message: unless you have takis that is
[2023-03-14 17:49:22] [INFO] SkyboundYT#4468 deleted a message in go comments II.
Message: 
[2023-03-14 18:18:40] [INFO] benny bean#3581 deleted a message in go comments II.
Message: 
[2023-03-14 18:21:30] [INFO] Flam#8545 deleted a message in go comments II.
Message: GAY!
[2023-03-14 18:23:55] [INFO] Flam#8545 deleted a message in go comments II.
Message: That'll be takis
