[2023-03-26 18:45:15] [INFO] Starting up...
[2023-03-26 18:45:15] [INFO] Loading cogs...
[2023-03-26 18:45:15] [INFO] Loaded cogs.About_People
[2023-03-26 18:45:16] [INFO] Loaded cogs.admin
[2023-03-26 18:45:16] [INFO] Loaded cogs.AutoResponses
[2023-03-26 18:45:16] [INFO] Loaded cogs.economy
[2023-03-26 18:45:16] [INFO] Loaded cogs.fun
[2023-03-26 18:45:16] [INFO] Loaded cogs.owner
[2023-03-26 18:45:16] [INFO] Loaded cogs.spot
[2023-03-26 18:45:16] [INFO] Loaded cogs.marriage
[2023-03-26 18:45:16] [INFO] Loaded all cogs
[2023-03-26 18:45:24] [INFO] Logged in as Shpike#2203
[2023-03-26 18:45:24] [INFO] ID: 944252688986693752
[2023-03-26 18:45:24] [INFO] Prefix: ['--', '']
[2023-03-26 18:45:24] [INFO] Loaded cogs: 8
[2023-03-26 18:45:24] [INFO] Loaded commands: 60
[2023-03-26 18:45:24] [INFO] Ready!
[2023-03-26 18:45:24] [INFO]                                                          
[2023-03-26 18:45:24] [INFO] Marriage database connected
[2023-03-26 18:45:24] [INFO] Bank database connected
[2023-03-26 20:01:48] [INFO] Flam#8545 deleted a message in go comments II.
Message: im under derricks bed
[2023-03-26 20:02:50] [ERROR] Command raised an exception: AttributeError: 'Console' object has no attribute 'history'
