[2023-03-16 00:09:20] [INFO] Starting up...
[2023-03-16 00:09:20] [INFO] Loading cogs...
[2023-03-16 00:09:20] [INFO] Loaded cogs.About_People
[2023-03-16 00:09:20] [INFO] Loaded cogs.admin
[2023-03-16 00:09:20] [INFO] Loaded cogs.AutoResponses
[2023-03-16 00:09:20] [INFO] Loaded cogs.economy
[2023-03-16 00:09:20] [INFO] Loaded cogs.fun
[2023-03-16 00:09:20] [INFO] Loaded cogs.owner
[2023-03-16 00:09:20] [INFO] Loaded cogs.spot
[2023-03-16 00:09:20] [INFO] Loaded cogs.marriage
[2023-03-16 00:09:20] [INFO] Loaded all cogs
[2023-03-16 00:09:23] [INFO] Logged in as Shpike#2203
[2023-03-16 00:09:23] [INFO] ID: 944252688986693752
[2023-03-16 00:09:23] [INFO] Prefix: ['--', '']
[2023-03-16 00:09:23] [INFO] Loaded cogs: 8
[2023-03-16 00:09:23] [INFO] Loaded commands: 60
[2023-03-16 00:09:23] [INFO] Ready!
[2023-03-16 00:09:23] [INFO]                                                          
[2023-03-16 00:09:23] [INFO] Bank database connected
[2023-03-16 00:09:23] [INFO] Marriage database connected
[2023-03-16 00:10:43] [INFO] Derrick#0223 deleted a message in go comments II.
Message: 
[2023-03-16 00:26:38] [INFO] JamesVented#2286 edited a message in go comments II.
Before: Im tied
After: Im tired
[2023-03-16 07:53:38] [INFO] SkyboundYT#4468 deleted a message in go comments II.
Message: 
[2023-03-16 10:09:32] [INFO] Aresien#4329 deleted a message in go comments II.
Message: My name is mark and Im straight
[2023-03-16 10:57:44] [INFO] Aresien#4329 edited a message in go comments II.
Before: <@164061868741099520>  Smash or pass lady dimitresc:
After: <@164061868741099520>  Smash or pass lady dimitrescu
[2023-03-16 11:57:39] [INFO] Aresien#4329 deleted a message in go comments II.
Message: Nah
[2023-03-16 13:35:50] [INFO] Derrick#0223 edited a message in go comments II.
Before: YOU HAVE ACESS TO THAT???
After: YOU HAVE ACCESS TO THAT???
[2023-03-16 13:40:51] [INFO] Aresien#4329 edited a message in go comments II.
Before: I just joined the game two weeks later after and it said banned for scripting
After: I just joined the game two weeks later after I hacked  and it said banned for scripting
[2023-03-16 13:51:20] [INFO] Nate.#5204 edited a message in go comments II.
Before: did you take thw shulkers?
After: did you take the shulkers?
[2023-03-16 14:36:14] [INFO] Yoloman2.0#5738 edited a message in go comments II.
Before: Ur fat couldnt even fit
After: Ur fat ass couldnt even fit
[2023-03-16 14:52:40] [INFO] Aiire#3238 edited a message in go comments II.
Before: let anyone any public toilet
After: let alone any public toilet
[2023-03-16 15:52:43] [INFO] JamesVented#2286 edited a message in go comments II.
Before: OH MY GOD
After: Ong
[2023-03-16 15:59:14] [INFO] Aiire#3238 deleted a message in go comments II.
Message: etika
[2023-03-16 15:59:19] [INFO] Aiire#3238 edited a message in go comments II.
Before: bro thinks hes erika
After: bro thinks hes etika
[2023-03-16 16:57:15] [INFO] Aiire#3238 deleted a message in go comments II.
Message: i told his ass not to tell anyone
[2023-03-16 16:57:19] [INFO] Aiire#3238 deleted a message in go comments II.
Message: d
[2023-03-16 17:00:00] [INFO] Flam#8545 edited a message in go comments II.
Before: Send pro9f
After: Send proof
[2023-03-16 17:02:26] [INFO] Aiire#3238 deleted a message in go comments II.
Message: Youre in my dungeon, Ice Spice.
[2023-03-16 17:02:28] [INFO] Aiire#3238 deleted a message in go comments II.
Message: 
[2023-03-16 17:47:19] [INFO] Aiire#3238 edited a message in go comments II.
Before: how it hasnt  worked for year
After: how it hasnt  worked for years
[2023-03-16 19:36:19] [INFO] Derrick#0223 edited a message in go comments II.
Before: im waiting for plugins and shit to updat
After: im waiting for plugins and shit to update
[2023-03-16 20:37:10] [INFO] Cycide#5426 deleted a message in go comments II.
Message: I can give you my bone then
[2023-03-16 20:37:18] [INFO] Cycide#5426 deleted a message in go comments II.
Message: Bone boy
[2023-03-16 20:37:27] [INFO] Derrick#0223 deleted a message in go comments II.
Message: --snipe
[2023-03-16 20:43:57] [INFO] crs#9135 deleted a message in go comments II.
Message: 
[2023-03-16 20:57:56] [INFO] xerxes#5800 edited a message in go comments II.
Before: Thought that was a fun
After: Thought that was a gun
[2023-03-16 21:10:06] [INFO] Aiire#3238 deleted a message in go comments II.
Message: 
[2023-03-17 00:27:02] [INFO] Derrick#0223 edited a message in go comments II.
Before: Then start starting with me
After: Then stop starting with me
[2023-03-17 00:27:50] [INFO] Aresien#4329 deleted a message in go comments II.
Message: https://tenor.com/view/me-when-your-mom-gif-24916447
[2023-03-17 09:31:59] [INFO] Flam#8545 edited a message in go comments II.
Before: No you have no failed
After: No you have not failed
[2023-03-17 10:09:24] [INFO] Flam#8545 deleted a message in go comments II.
Message: She can be on my meat
[2023-03-17 10:09:34] [INFO] Flam#8545 deleted a message in go comments II.
Message: All over me
[2023-03-17 10:15:02] [INFO] xerxes#5800 deleted a message in go comments II.
Message: Brought my gang with me
[2023-03-17 10:15:25] [INFO] Aiire#3238 deleted a message in go comments II.
Message: 
[2023-03-17 10:17:01] [INFO] Derrick#0223 edited a message in go comments II.
Before: O no
After: no
[2023-03-17 10:18:11] [INFO] Aiire#3238 deleted a message in go comments II.
Message: <:droll:1081766487217426503>
[2023-03-17 12:24:15] [ERROR] Command raised an exception: AttributeError: 'NoneType' object has no attribute 'id'
[2023-03-17 12:25:56] [ERROR] Command raised an exception: AttributeError: 'NoneType' object has no attribute 'id'
[2023-03-17 12:26:08] [ERROR] Command raised an exception: AttributeError: 'NoneType' object has no attribute 'id'
[2023-03-17 16:26:22] [INFO] JamesVented#2286 deleted a message in go comments II.
Message: Me when
[2023-03-17 17:38:44] [INFO] crs#9135 edited a message in go comments II.
Before: ill get on in secons
After: ill get on in a second
[2023-03-17 18:30:39] [INFO] SkyboundYT#4468 edited a message in go comments II.
Before: As long with like
After: Along with like
[2023-03-17 18:35:50] [INFO] Aresien#4329 deleted a message in go comments II.
Message: Cap
