[2023-03-06 21:14:46] [INFO] Starting up...
[2023-03-06 21:14:46] [INFO] Loading cogs...
[2023-03-06 21:14:46] [INFO] Loaded cogs.About_People
[2023-03-06 21:14:46] [INFO] Loaded cogs.admin
[2023-03-06 21:14:46] [INFO] Loaded cogs.AutoResponses
[2023-03-06 21:14:46] [INFO] Loaded cogs.economy
[2023-03-06 21:14:46] [INFO] Loaded cogs.fun
[2023-03-06 21:14:46] [INFO] Loaded cogs.owner
[2023-03-06 21:14:46] [INFO] Loaded cogs.spot
[2023-03-06 21:14:46] [INFO] Loaded cogs.marriage
[2023-03-06 21:14:46] [INFO] Loaded all cogs
[2023-03-06 21:14:49] [INFO] Logged in as Shpike#2203
[2023-03-06 21:14:49] [INFO] ID: 944252688986693752
[2023-03-06 21:14:49] [INFO] Prefix: ['--', '']
[2023-03-06 21:14:49] [INFO] Loaded cogs: 8
[2023-03-06 21:14:49] [INFO] Loaded commands: 60
[2023-03-06 21:14:49] [INFO] Ready!
[2023-03-06 21:14:49] [INFO]                                                          
[2023-03-06 21:14:49] [INFO] Marriage database connected
[2023-03-06 21:14:49] [INFO] Bank database connected
[2023-03-06 21:59:33] [INFO] JamesVented#2286 edited a message in go comments II.
Before: I don't presenting
After: I don't like presenting
[2023-03-07 06:58:31] [INFO] Derrick#0223 edited a message in go comments II.
Before: The same reason why I woke up to  2 messages and 1 musssx call
After: The same reason why I woke up to  2 messages and 1 missed call
[2023-03-07 07:23:47] [INFO] SkyboundYT#4468 edited a message in go comments II.
Before: Crop
After: Crip
[2023-03-07 09:40:55] [INFO] Aresien#4329 edited a message in go comments II.
Before: y
After: T
[2023-03-07 09:41:01] [INFO] Aresien#4329 edited a message in go comments II.
Before: T
After: Y
[2023-03-07 09:52:53] [INFO] Cycide#5426 edited a message in go comments II.
Before: Now you remember that when you need help with your he
After: Now you remember that when you need help with your hw
[2023-03-07 11:12:49] [INFO] Flam#8545 deleted a message in go comments II.
Message: IF HER AGE IS ON THE CLOCK SHE CAN GET THIS COCK
[2023-03-07 11:12:57] [INFO] SkyboundYT#4468 deleted a message in go comments II.
Message: Im ngl
[2023-03-07 11:19:25] [INFO] Flam#8545 edited a message in go comments II.
Before: Blud thinks he just beat a boss battlen
After: Blud thinks he just beat a boss battle
[2023-03-07 11:56:55] [INFO] Flam#8545 deleted a message in go comments II.
Message: 
[2023-03-07 12:29:00] [INFO] Derrick#0223 edited a message in go comments II.
Before: oK
After: Okay!
[2023-03-07 12:59:52] [INFO] Flam#8545 edited a message in go comments II.
Before: I am the sharks that corrupts the world
After: I am the sharko that corrupts the world
[2023-03-07 13:22:48] [INFO] SkyboundYT#4468 edited a message in go comments II.
Before: You list
After: You liat
[2023-03-07 14:09:00] [INFO] Aresien#4329 edited a message in go comments II.
Before: Oh now you quite
After: Oh so now you quite
[2023-03-07 14:15:08] [INFO] Aresien#4329 edited a message in go comments II.
Before: Youre right, in anime youde still be a fat bitch!
After: Youre right, in anime youd still be a fat bitch!
[2023-03-07 14:24:38] [INFO] Sheen#0021 edited a message in go comments II.
Before: ow do you expect me to not say anything about that
After: how do you expect me to not say anything about that
[2023-03-07 14:26:36] [INFO] Aiire#3238 deleted a message in go comments II.
Message: 
[2023-03-07 14:27:28] [INFO] Derrick#0223 edited a message in go comments II.
Before: I'm js a like holding boys down and dicking them long dick style
After: I js a like holding boys down and dicking them long dick style
[2023-03-07 14:29:40] [INFO] Derrick#0223 edited a message in go comments II.
Before: Nah he can only help my taking sum
After: Nah he can only help by  taking sum
[2023-03-07 14:30:05] [INFO] Derrick#0223 edited a message in go comments II.
Before: Im gunna fuck ur small ass and firmy grasp your cock
After: Im gunna fuck ur small ass and firmly grasp your cock
[2023-03-07 14:32:53] [INFO] Derrick#0223 deleted a message in go comments II.
Message: Then I'm take it
[2023-03-07 14:35:58] [INFO] Derrick#0223 edited a message in go comments II.
Before: I'm cover ur mouth so u can't say that woed6
After: I'm cover ur mouth so u can't say that word
[2023-03-07 14:36:16] [INFO] Derrick#0223 edited a message in go comments II.
Before: Ima plug ur nose as well. Strip you of ur oxyge
After: Ima plug ur nose as well. Strip you of ur oxygen
[2023-03-07 14:57:16] [INFO] Nate.#5204 edited a message in go comments II.
Before: I WANT HIS LIGE RUINED
After: I WANT HIS LIFE RUINED
[2023-03-07 14:57:31] [INFO] Antony181#9662 edited a message in go comments II.
Before: Not even black people can way it though
After: Not even black people can say it though
[2023-03-07 15:53:10] [INFO] smalltitties#1451 edited a message in go comments II.
Before: these names bo
After: these names bro
[2023-03-07 16:40:47] [INFO] ethynel#0702 edited a message in go comments II.
Before: wowzers is a fire word gng]
After: wowzers is a fire word gng
[2023-03-07 20:33:56] [INFO] Nate.#5204 edited a message in go comments II.
Before: but if we do plan on it I just got the manga blocks
After: but if we do plan on it I just got the magma blocks
[2023-03-08 00:54:56] [INFO] smalltitties#1451 deleted a message in go comments II.
Message: I'm wet
[2023-03-08 00:55:02] [INFO] smalltitties#1451 deleted a message in go comments II.
Message: omg
[2023-03-08 07:04:23] [INFO] Flam#8545 edited a message in go comments II.
Before: Shit is wilf
After: Shit is wild
