[2023-03-09 14:38:03] [INFO] Starting up...
[2023-03-09 14:38:03] [INFO] Loading cogs...
[2023-03-09 14:38:03] [INFO] Loaded cogs.About_People
[2023-03-09 14:38:03] [INFO] Loaded cogs.admin
[2023-03-09 14:38:03] [INFO] Loaded cogs.AutoResponses
[2023-03-09 14:38:03] [INFO] Loaded cogs.economy
[2023-03-09 14:38:04] [INFO] Loaded cogs.fun
[2023-03-09 14:38:04] [INFO] Loaded cogs.owner
[2023-03-09 14:38:04] [INFO] Loaded cogs.spot
[2023-03-09 14:38:04] [INFO] Loaded cogs.marriage
[2023-03-09 14:38:04] [INFO] Loaded all cogs
[2023-03-09 14:38:06] [INFO] Logged in as Shpike#2203
[2023-03-09 14:38:06] [INFO] ID: 944252688986693752
[2023-03-09 14:38:06] [INFO] Prefix: ['--', '']
[2023-03-09 14:38:06] [INFO] Loaded cogs: 8
[2023-03-09 14:38:06] [INFO] Loaded commands: 60
[2023-03-09 14:38:06] [INFO] Ready!
[2023-03-09 14:38:06] [INFO]                                                          
[2023-03-09 14:38:07] [INFO] Bank database connected
[2023-03-09 14:38:07] [INFO] Marriage database connected
[2023-03-09 14:46:21] [INFO] crs#9135 deleted a message in go comments II.
Message: 
[2023-03-09 15:02:12] [INFO] Flam#8545 edited a message in go comments II.
Before: NO WAY A FREE PASS PUT OF HONORS CHEM
After: NO WAY A FREE PASS OUT OF HONORS CHEM
[2023-03-09 15:07:25] [INFO] ethynel#0702 edited a message in go comments II.
Before: OMG HER MARK!!!!!!!
After: OMG HEY MARK!!!!!!!
[2023-03-09 15:15:45] [INFO] manny#6424 edited a message in go comments II.
Before: Send your base cords so I can give you hint elytra
After: Send your base cords so I can give you your elytra
[2023-03-09 16:42:45] [INFO] JamesVented#2286 deleted a message in go comments II.
Message: 
[2023-03-09 16:43:36] [INFO] JamesVented#2286 edited a message in go comments II.
Before: No I
After: No u
[2023-03-09 16:44:50] [INFO] JamesVented#2286 deleted a message in go comments II.
Message: No I
[2023-03-09 16:47:12] [INFO] JamesVented#2286 deleted a message in go comments II.
Message: No y
[2023-03-09 17:01:43] [INFO] JamesVented#2286 deleted a message in go comments II.
Message: beaner
[2023-03-09 17:03:19] [INFO] SkyboundYT#4468 deleted a message in go comments II.
Message: But thats what I like 
[2023-03-09 17:04:43] [INFO] smalltitties#1451 edited a message in go comments II.
Before: reao
After: real
[2023-03-09 17:05:31] [INFO] JamesVented#2286 deleted a message in go comments II.
Message: you wish
[2023-03-09 17:06:08] [INFO] JamesVented#2286 deleted a message in go comments II.
Message: GIVE ME A MINUTE AIDEB
[2023-03-09 17:06:16] [INFO] ringostoner#4918 deleted a message in go comments II.
Message: NO U
[2023-03-09 17:06:17] [INFO] ringostoner#4918 deleted a message in go comments II.
Message: NO U
[2023-03-09 17:06:18] [INFO] ringostoner#4918 deleted a message in go comments II.
Message: NO U
[2023-03-09 17:06:20] [INFO] JamesVented#2286 deleted a message in go comments II.
Message: NO U
[2023-03-09 17:06:21] [INFO] ringostoner#4918 deleted a message in go comments II.
Message: NO U
[2023-03-09 17:06:34] [INFO] Derrick#0223 deleted a message in go comments II.
Message: Is this including the 5
[2023-03-09 18:27:13] [INFO] Flam#8545 edited a message in go comments II.
Before:  ]
After: 
[2023-03-09 19:33:20] [INFO] Nate.#5204 edited a message in go comments II.
Before: no you didn'r
After: no you didn't
[2023-03-09 19:33:27] [INFO] Flam#8545 edited a message in go comments II.
Before: i dif
After: i did
[2023-03-09 19:35:36] [INFO] soup#5115 edited a message in go comments II.
Before: you ahve a sweet caboose
After: you have a sweet caboose
[2023-03-09 19:35:46] [INFO] soup#5115 edited a message in go comments II.
Before: you have a sweet caboose
After: you have a sweet caboose too
[2023-03-09 19:36:55] [INFO] SkyboundYT#4468 deleted a message in go comments II.
Message: Thanks
[2023-03-09 19:38:41] [INFO] Sheen#0021 edited a message in go comments II.
Before: righ
After: right
[2023-03-09 19:39:33] [INFO] Sheen#0021 edited a message in go comments II.
Before: who yo shit red for
After: why yo shit red for
[2023-03-09 19:40:44] [INFO] soup#5115 deleted a message in go comments II.
Message: https://tenor.com/view/monkey-monkey-steals-monkey-swipes-gif-13449256
[2023-03-09 19:41:41] [INFO] soup#5115 deleted a message in go comments II.
Message: https://tenor.com/view/arii-ariii-ariiendedyou-ariizolanskii-monkey-gif-22397007
[2023-03-09 21:15:53] [INFO] Pagliacci#3684 edited a message in go comments II.
Before: u cant get it to lil homie
After: u can get it to lil homie
[2023-03-09 21:17:25] [INFO] Nate.#5204 edited a message in go comments II.
Before: 100% i am not
After: 107% i am not
[2023-03-09 21:21:48] [INFO] matt'#2780 edited a message in go comments II.
Before: jeffrey dean morgan can tie me up!
After: jeffrey dean morgan can !
[2023-03-09 21:26:27] [INFO] Pagliacci#3684 edited a message in go comments II.
Before: i would hesiate to send anything
After: i wouldnt hesiate to send anything
[2023-03-09 21:27:22] [INFO] Nate.#5204 edited a message in go comments II.
Before: I will takr your word
After: I will take your word
[2023-03-09 21:38:11] [INFO] matt'#2780 deleted a message in go comments II.
Message: 
[2023-03-09 21:38:16] [INFO] matt'#2780 deleted a message in go comments II.
Message: can he ruin my life pls
[2023-03-09 21:40:11] [INFO] SkyboundYT#4468 edited a message in go comments II.
Before: It sends
After: It ends Tuesday
[2023-03-09 21:43:47] [INFO] Flam#8545 edited a message in go comments II.
Before: I dont believe hihm
After: I dont believe him
[2023-03-09 21:47:39] [INFO] Pagliacci#3684 edited a message in go comments II.
Before: the demons be string fr
After: the demons be strong fr
[2023-03-09 21:53:05] [INFO] SkyboundYT#4468 edited a message in go comments II.
Before: Oh thank gif
After: Oh thank god
[2023-03-09 21:53:29] [INFO] itsysa.#8356 edited a message in go comments II.
Before: The kettle chop ones
After: The kettle chip ones
[2023-03-09 21:54:51] [INFO] Pagliacci#3684 edited a message in go comments II.
Before: bro kay braxy can get it anyday
After: bro kay brazy can get it anyday
[2023-03-09 22:01:44] [INFO] SkyboundYT#4468 deleted a message in go comments II.
Message: Ill give you head if you dont
[2023-03-09 22:01:48] [INFO] SkyboundYT#4468 deleted a message in go comments II.
Message: Q
[2023-03-09 22:02:01] [INFO] SkyboundYT#4468 deleted a message in go comments II.
Message: Look
[2023-03-09 22:05:10] [INFO] matt'#2780 deleted a message in go comments II.
Message: BLOW ME AWAYYYYY
[2023-03-09 22:05:14] [INFO] matt'#2780 deleted a message in go comments II.
Message: 
[2023-03-09 22:09:51] [INFO] SkyboundYT#4468 deleted a message in go comments II.
Message: You
[2023-03-09 22:11:23] [INFO] Pagliacci#3684 deleted a message in go comments II.
Message: 
[2023-03-09 22:17:39] [INFO] SkyboundYT#4468 edited a message in go comments II.
Before: WHAT IS MOON C
After: WHAT IS MOON X
[2023-03-09 22:23:09] [INFO] SkyboundYT#4468 deleted a message in go comments II.
Message: I want femboy cum in my mouth
[2023-03-09 22:23:13] [INFO] SkyboundYT#4468 deleted a message in go comments II.
Message: W
[2023-03-09 22:24:40] [INFO] SkyboundYT#4468 deleted a message in go comments II.
Message: I just got a Taste for femboys
[2023-03-09 22:24:44] [INFO] SkyboundYT#4468 deleted a message in go comments II.
Message: Q
[2023-03-09 22:26:24] [INFO] itsysa.#8356 edited a message in go comments II.
Before: Cause like I cant delete anyones messages anymore or change nicknames or control roles or kick ppl even tho I get promoted to secrets
After: Cause like I cant delete anyones messages anymore or change nicknames or control roles or kick ppl even tho I get promoted to secretary
[2023-03-09 22:52:03] [INFO] matt'#2780 edited a message in go comments II.
Before: if u inhale it, the smoke makes the air cold
After: if u inhale it, the smoke makes ur insides cold
[2023-03-09 22:54:29] [INFO] SkyboundYT#4468 edited a message in go comments II.
Before: If its hood porn Ill watch it no matter what it is
After: If its good porn Ill watch it no matter what it is
[2023-03-09 23:05:06] [INFO] Derrick#0223 edited a message in go comments II.
Before: you want him to send you dick picks
After: you want him to send you dick pics
[2023-03-09 23:11:54] [INFO] Pagliacci#3684 deleted a message in go comments II.
Message: this is me measuring
[2023-03-09 23:15:07] [INFO] SkyboundYT#4468 edited a message in go comments II.
Before: Sorry mommy, it will never happen again.@
After: Sorry mommy, it will never happen again.
[2023-03-09 23:21:59] [INFO] Derrick#0223 deleted a message in go comments II.
Message: 
[2023-03-09 23:26:00] [INFO] SkyboundYT#4468 edited a message in go comments II.
Before: Id let him go in me dry (no homo ofc)
After: Id let her go in me dry (no homo ofc)
[2023-03-09 23:29:57] [INFO] Derrick#0223 edited a message in go comments II.
Before: the school is bringing us to europe and its same sex cabins
After: the school is bringing us to europe and its same sex hotels
