[2023-03-13 12:18:12] [INFO] Starting up...
[2023-03-13 12:18:12] [INFO] Loading cogs...
[2023-03-13 12:18:12] [INFO] Loaded cogs.About_People
[2023-03-13 12:18:12] [INFO] Loaded cogs.admin
[2023-03-13 12:18:12] [INFO] Loaded cogs.AutoResponses
[2023-03-13 12:18:12] [INFO] Loaded cogs.economy
[2023-03-13 12:18:12] [INFO] Loaded cogs.fun
[2023-03-13 12:18:12] [INFO] Loaded cogs.owner
[2023-03-13 12:18:12] [INFO] Loaded cogs.spot
[2023-03-13 12:18:12] [INFO] Loaded cogs.marriage
[2023-03-13 12:18:12] [INFO] Loaded all cogs
[2023-03-13 12:18:15] [INFO] Logged in as Shpike#2203
[2023-03-13 12:18:15] [INFO] ID: 944252688986693752
[2023-03-13 12:18:15] [INFO] Prefix: ['--', '']
[2023-03-13 12:18:15] [INFO] Loaded cogs: 8
[2023-03-13 12:18:15] [INFO] Loaded commands: 60
[2023-03-13 12:18:15] [INFO] Ready!
[2023-03-13 12:18:15] [INFO]                                                          
[2023-03-13 12:18:15] [INFO] Marriage database connected
[2023-03-13 12:18:15] [INFO] Bank database connected
[2023-03-13 14:15:20] [INFO] smalltitties#1451 deleted a message in go comments II.
Message: listening bc im a virgin
[2023-03-13 14:31:04] [INFO] Nate.#5204 deleted a message in go comments II.
Message: 
[2023-03-13 14:31:07] [INFO] Nate.#5204 deleted a message in go comments II.
Message: you can't die without keep yo promise
[2023-03-13 14:31:11] [INFO] Nate.#5204 deleted a message in go comments II.
Message: you said you would give
[2023-03-13 14:31:19] [INFO] Nate.#5204 deleted a message in go comments II.
Message: you still gotta give me that blowy
[2023-03-13 14:31:42] [INFO] Nate.#5204 edited a message in go comments II.
Before: don't be an bitch
After: don't be a bitch
[2023-03-13 14:32:01] [INFO] Derrick#0223 edited a message in go comments II.
Before: Im last word would be the end.
After: My last word would be the end.
[2023-03-13 14:42:30] [INFO] crs#9135 edited a message in go comments II.
Before: we might no have school tomorrow
After: we might not have school tomorrow
[2023-03-13 14:47:06] [INFO] Aiire#3238 edited a message in go comments II.
Before: School will remain open
After: School will remain open
[2023-03-13 14:49:20] [INFO] Nate.#5204 deleted a message in go comments II.
Message: dirty Hispanic
[2023-03-13 14:52:15] [INFO] JamesVented#2286 deleted a message in go comments II.
Message: I will 
[2023-03-13 14:52:21] [INFO] JamesVented#2286 deleted a message in go comments II.
Message: :)
[2023-03-13 14:53:46] [INFO] Aiire#3238 deleted a message in go comments II.
Message: <:supernut:245706901340291072>
[2023-03-13 14:55:36] [INFO] Nate.#5204 edited a message in go comments II.
Before: how much you want me to bring for out date
After: how much you want me to bring for our date
[2023-03-13 14:55:39] [INFO] Aiire#3238 deleted a message in go comments II.
Message: Right this second I want a big booty latina at my doorstep
[2023-03-13 14:55:43] [INFO] Aiire#3238 deleted a message in go comments II.
Message: s
[2023-03-13 17:34:58] [INFO] Aiire#3238 edited a message in go comments II.
Before: In driving next time
After: Im driving next time
[2023-03-13 19:10:09] [INFO] Nate.#5204 deleted a message in go comments II.
Message: https://imgur.com/UbHnBrp
