[2023-03-15 11:35:52] [INFO] Starting up...
[2023-03-15 11:35:52] [INFO] Loading cogs...
[2023-03-15 11:35:52] [INFO] Loaded cogs.About_People
[2023-03-15 11:35:52] [INFO] Loaded cogs.admin
[2023-03-15 11:35:52] [INFO] Loaded cogs.AutoResponses
[2023-03-15 11:35:52] [INFO] Loaded cogs.economy
[2023-03-15 11:35:52] [INFO] Loaded cogs.fun
[2023-03-15 11:35:52] [INFO] Loaded cogs.owner
[2023-03-15 11:35:52] [INFO] Loaded cogs.spot
[2023-03-15 11:35:52] [INFO] Loaded cogs.marriage
[2023-03-15 11:35:52] [INFO] Loaded all cogs
[2023-03-15 11:35:55] [INFO] Logged in as Shpike#2203
[2023-03-15 11:35:55] [INFO] ID: 944252688986693752
[2023-03-15 11:35:55] [INFO] Prefix: ['--', '']
[2023-03-15 11:35:55] [INFO] Loaded cogs: 8
[2023-03-15 11:35:55] [INFO] Loaded commands: 60
[2023-03-15 11:35:55] [INFO] Ready!
[2023-03-15 11:35:55] [INFO]                                                          
[2023-03-15 11:35:55] [INFO] Bank database connected
[2023-03-15 11:35:55] [INFO] Marriage database connected
[2023-03-15 12:30:39] [INFO] SkyboundYT#4468 deleted a message in go comments II.
Message: 
[2023-03-15 12:36:50] [INFO] Flam#8545 deleted a message in go comments II.
Message: And I did a freestyle in your bed
[2023-03-15 12:36:53] [INFO] Nate.#5204 deleted a message in go comments II.
Message: 
[2023-03-15 13:08:40] [INFO] SkyboundYT#4468 edited a message in go comments II.
Before: saomd
After: saomdacmd
[2023-03-15 13:32:41] [INFO] Flam#8545 deleted a message in go comments II.
Message: Just turn off the lights
[2023-03-15 13:32:46] [INFO] itsysa.#8356 deleted a message in go comments II.
Message: Is Andino here?
[2023-03-15 14:09:54] [INFO] Aresien#4329 edited a message in go comments II.
Before: <@489879404403490816>  Cause Miss Ruiz isnt here I have the lady that was on dick for our drivers ed class as a substitute
After: <@489879404403490816>  Cause Miss Ruiz isnt here I have the lady that was on dick for in our drivers ed class as a substitute
[2023-03-15 14:10:01] [INFO] Aresien#4329 edited a message in go comments II.
Before: <@489879404403490816>  Cause Miss Ruiz isnt here I have the lady that was on dick for in our drivers ed class as a substitute
After: <@489879404403490816>  Cause Miss Ruiz isnt here I have the lady that was on dick  in our drivers ed class as a substitute
[2023-03-15 14:33:47] [INFO] Aresien#4329 edited a message in go comments II.
Before: I wanna see the baby 5 scene animated
After: I wanna see the baby 5 scene in the movie
[2023-03-15 14:56:35] [INFO] crs#9135 edited a message in go comments II.
Before: what' they say
After: what'd they say
[2023-03-15 14:58:17] [INFO] xerxes#5800 edited a message in go comments II.
Before: They can suck my Dominican suck
After: They can suck my Dominican dick
[2023-03-15 14:59:50] [INFO] Aiire#3238 edited a message in go comments II.
Before: yeah im
After: yeah ik
[2023-03-15 15:01:09] [INFO] Flam#8545 edited a message in go comments II.
Before: MAKE IT MAKE SENDE
After: MAKE IT MAKE SENSE
[2023-03-15 16:23:56] [INFO] Ballssaggin#1096 deleted a message in go comments II.
Message: when the school was whites only, how it should be.
[2023-03-15 16:30:35] [INFO] Ballssaggin#1096 edited a message in go comments II.
Before: Okay?]
After: Okay?
[2023-03-15 16:30:59] [INFO] JamesVented#2286 deleted a message in go comments II.
Message: NO!
[2023-03-15 16:32:47] [INFO] Ballssaggin#1096 deleted a message in go comments II.
Message: What a Black nigger monkey
[2023-03-15 16:33:04] [INFO] JamesVented#2286 edited a message in go comments II.
Before: Good luck survivng
After: Good luck surviving
[2023-03-15 16:36:24] [INFO] Ballssaggin#1096 deleted a message in go comments II.
Message: 
[2023-03-15 16:38:14] [INFO] Ballssaggin#1096 deleted a message in go comments II.
Message: 
[2023-03-15 16:38:25] [INFO] JamesVented#2286 edited a message in go comments II.
Before: She a wolf ofv
After: She a wolf ofc
[2023-03-15 16:39:36] [INFO] Ballssaggin#1096 deleted a message in go comments II.
Message: 
[2023-03-15 16:40:53] [INFO] Ballssaggin#1096 edited a message in go comments II.
Before: I've never EVER felt the amount of soy and estrogen in a sever ever.
After: I've never EVER felt this amount of soy and estrogen in a sever ever.
[2023-03-15 16:47:37] [INFO] Ballssaggin#1096 edited a message in go comments II.
Before: 
After: \
[2023-03-15 16:47:42] [INFO] Ballssaggin#1096 deleted a message in go comments II.
Message: \
[2023-03-15 16:58:03] [INFO] smalltitties#1451 edited a message in go comments II.
Before: Rachell was hunger
After: Rachell was hungry
[2023-03-15 16:58:40] [INFO] Ballssaggin#1096 deleted a message in go comments II.
Message: Faggot Faggot someones habit
[2023-03-15 17:01:02] [INFO] Ballssaggin#1096 deleted a message in go comments II.
Message: nigger nigger groomer nigger
[2023-03-15 17:01:53] [INFO] Ballssaggin#1096 deleted a message in go comments II.
Message: 
[2023-03-15 17:04:19] [INFO] Ballssaggin#1096 deleted a message in go comments II.
Message: Gen Z Be like - Wait I can't customize my character? Time to kms.
[2023-03-15 17:06:33] [INFO] Ballssaggin#1096 deleted a message in go comments II.
Message: that's that faggot shit
[2023-03-15 17:07:50] [INFO] Ballssaggin#1096 deleted a message in go comments II.
Message: But it's haram
[2023-03-15 17:08:06] [INFO] Ballssaggin#1096 deleted a message in go comments II.
Message: I'll never do it again.
[2023-03-15 17:10:11] [INFO] Ballssaggin#1096 deleted a message in go comments II.
Message: I don't want nigger opinions anyway
[2023-03-15 17:13:54] [INFO] Ballssaggin#1096 deleted a message in go comments II.
Message: Cum  guzzler
[2023-03-15 17:15:25] [INFO] Ballssaggin#1096 deleted a message in go comments II.
Message: 
[2023-03-15 17:17:02] [INFO] Ballssaggin#1096 deleted a message in go comments II.
Message: 
[2023-03-15 17:17:14] [INFO] Ballssaggin#1096 edited a message in go comments II.
Before: A crime monkey?
After: Your mom?
[2023-03-15 17:20:49] [INFO] Flam#8545 deleted a message in go comments II.
Message: 
