[2023-03-13 07:17:39] [INFO] Starting up...
[2023-03-13 07:17:39] [INFO] Loading cogs...
[2023-03-13 07:17:39] [INFO] Loaded cogs.About_People
[2023-03-13 07:17:39] [INFO] Loaded cogs.admin
[2023-03-13 07:17:39] [INFO] Loaded cogs.AutoResponses
[2023-03-13 07:17:39] [INFO] Loaded cogs.economy
[2023-03-13 07:17:39] [INFO] Loaded cogs.fun
[2023-03-13 07:17:39] [INFO] Loaded cogs.owner
[2023-03-13 07:17:39] [INFO] Loaded cogs.spot
[2023-03-13 07:17:39] [INFO] Loaded cogs.marriage
[2023-03-13 07:17:39] [INFO] Loaded all cogs
[2023-03-13 07:17:42] [INFO] Logged in as Shpike#2203
[2023-03-13 07:17:42] [INFO] ID: 944252688986693752
[2023-03-13 07:17:42] [INFO] Prefix: ['--', '']
[2023-03-13 07:17:42] [INFO] Loaded cogs: 8
[2023-03-13 07:17:42] [INFO] Loaded commands: 60
[2023-03-13 07:17:42] [INFO] Ready!
[2023-03-13 07:17:42] [INFO]                                                          
[2023-03-13 07:17:42] [INFO] Bank database connected
[2023-03-13 07:17:42] [INFO] Marriage database connected
[2023-03-13 10:25:45] [INFO] Aresien#4329 edited a message in go comments II.
Before: <@1029438107474477118>  Are you a bus? Cause ide love to fill you up with kids
After: <@1029438107474477118>  Are you a bus? Cause ide  love to fill you up with kids
[2023-03-13 10:27:42] [INFO] Yoloman2.0#5738 edited a message in go comments II.
Before: Sorry used to wish
After: Sorry he used to wish
[2023-03-13 10:30:06] [INFO] Derrick#0223 deleted a message in go comments II.
Message: if lucas was less racist, id be willing to give him 
[2023-03-13 10:38:19] [INFO] SkyboundYT#4468 edited a message in go comments II.
Before: But in a way what the fuck is going on? Type of way
After: But in a what the fuck is going on? Type of way
[2023-03-13 10:44:26] [INFO] Aiire#3238 deleted a message in go comments II.
Message: now lets get you back in my dungeon, and in front of a piston
[2023-03-13 10:44:39] [INFO] Aresien#4329 deleted a message in go comments II.
Message: Stfu Lucas,  before I put this 9 mile meter defeater so far down your thro-
[2023-03-13 11:10:16] [INFO] Derrick#0223 deleted a message in go comments II.
Message: bro why am i never around for this
[2023-03-13 11:13:49] [INFO] JamesVented#2286 deleted a message in go comments II.
Message: You wish that was you huh?
[2023-03-13 11:51:44] [INFO] xerxes#5800 deleted a message in go comments II.
Message: Im cumming
[2023-03-13 12:07:17] [INFO] Aiire#3238 deleted a message in go comments II.
Message: <:droll:1081766487217426503>
