[2023-03-11 16:52:19] [INFO] Starting up...
[2023-03-11 16:52:19] [INFO] Loading cogs...
[2023-03-11 16:52:19] [INFO] Loaded cogs.About_People
[2023-03-11 16:52:19] [INFO] Loaded cogs.admin
[2023-03-11 16:52:19] [INFO] Loaded cogs.AutoResponses
[2023-03-11 16:52:19] [INFO] Loaded cogs.economy
[2023-03-11 16:52:19] [INFO] Loaded cogs.fun
[2023-03-11 16:52:19] [INFO] Loaded cogs.owner
[2023-03-11 16:52:19] [INFO] Loaded cogs.spot
[2023-03-11 16:52:19] [INFO] Loaded cogs.marriage
[2023-03-11 16:52:19] [INFO] Loaded all cogs
[2023-03-11 16:52:21] [INFO] Logged in as Shpike#2203
[2023-03-11 16:52:21] [INFO] ID: 944252688986693752
[2023-03-11 16:52:21] [INFO] Prefix: ['--', '']
[2023-03-11 16:52:21] [INFO] Loaded cogs: 8
[2023-03-11 16:52:21] [INFO] Loaded commands: 60
[2023-03-11 16:52:21] [INFO] Ready!
[2023-03-11 16:52:21] [INFO]                                                          
[2023-03-11 16:52:22] [INFO] Bank database connected
[2023-03-11 16:52:22] [INFO] Marriage database connected
[2023-03-11 16:54:42] [INFO] rozie#2089 edited a message in go comments II.
Before: im an jvc
After: im ab jvc
[2023-03-11 17:18:56] [INFO] matt'#2780 deleted a message in go comments II.
Message: 
[2023-03-11 17:31:51] [INFO] smalltitties#1451 deleted a message in go comments II.
Message: I could be his pet
[2023-03-11 17:32:05] [INFO] smalltitties#1451 deleted a message in go comments II.
Message: omg who wrote that
[2023-03-11 17:59:25] [INFO] Aiire#3238 edited a message in go comments II.
Before: not without me off
After: not without me ofc
[2023-03-11 19:00:12] [INFO] smalltitties#1451 edited a message in go comments II.
Before: wdym why.
After: wdym how.
[2023-03-11 19:08:38] [INFO] matt'#2780 deleted a message in go comments II.
Message: <@843578018000666646>
