[2023-11-13 03:40:59] [INFO] Starting up...
[2023-11-13 03:40:59] [INFO] Loading cogs...
[2023-11-13 03:40:59] [INFO] Loaded cogs.About_People
[2023-11-13 03:40:59] [INFO] Loaded cogs.admin
[2023-11-13 03:40:59] [INFO] Loaded cogs.economy
[2023-11-13 03:40:59] [INFO] Loaded cogs.fun
[2023-11-13 03:40:59] [INFO] Loaded cogs.owner
[2023-11-13 03:40:59] [INFO] Loaded cogs.marriage
[2023-11-13 03:40:59] [INFO] Loaded cogs.Games
[2023-11-13 03:40:59] [INFO] Loaded cogs.AutoResponses
[2023-11-13 03:41:00] [INFO] Loaded cogs.spot
[2023-11-13 03:41:00] [INFO] Loaded all cogs
[2023-11-13 03:41:02] [INFO] Logged in as Shpike#2203
[2023-11-13 03:41:02] [INFO] ID: 944252688986693752
[2023-11-13 03:41:02] [INFO] Prefix: ['--', '']
[2023-11-13 03:41:02] [INFO] Loaded cogs: 9
[2023-11-13 03:41:02] [INFO] Loaded commands: 72
[2023-11-13 03:41:02] [INFO] Ready!
[2023-11-13 03:41:02] [INFO]                                                          
[2023-11-13 03:41:02] [INFO] Marriage database connected
[2023-11-13 03:41:02] [INFO] Bank database connected
[2023-11-13 08:05:19] [INFO] .derrick edited a message in go comments II.
Before: does it acfually?
After: does it actually?
[2023-11-13 08:10:50] [INFO] .derrick deleted a message in go comments II.
Message: 
[2023-11-13 08:17:19] [INFO] aiire deleted a message in go comments II.
Message: 
[2023-11-13 12:52:38] [INFO] alex.7916 edited a message in go comments II.
Before: How long has it been happening
After: How long has it been happening <@405233980003188737>
