[2023-11-15 23:10:44] [INFO] Starting up...
[2023-11-15 23:10:44] [INFO] Loading cogs...
[2023-11-15 23:10:44] [INFO] Loaded cogs.About_People
[2023-11-15 23:10:45] [INFO] Loaded cogs.admin
[2023-11-15 23:10:45] [INFO] Loaded cogs.economy
[2023-11-15 23:10:45] [INFO] Loaded cogs.fun
[2023-11-15 23:10:45] [INFO] Loaded cogs.owner
[2023-11-15 23:10:45] [INFO] Loaded cogs.marriage
[2023-11-15 23:10:45] [INFO] Loaded cogs.Games
[2023-11-15 23:10:45] [INFO] Loaded cogs.AutoResponses
[2023-11-15 23:10:46] [INFO] Loaded cogs.spot
[2023-11-15 23:10:46] [INFO] Loaded all cogs
[2023-11-15 23:10:49] [INFO] Logged in as Shpike#2203
[2023-11-15 23:10:49] [INFO] ID: 944252688986693752
[2023-11-15 23:10:49] [INFO] Prefix: ['--', '']
[2023-11-15 23:10:49] [INFO] Loaded cogs: 9
[2023-11-15 23:10:49] [INFO] Loaded commands: 72
[2023-11-15 23:10:49] [INFO] Ready!
[2023-11-15 23:10:49] [INFO]                                                          
[2023-11-15 23:10:49] [INFO] Marriage database connected
[2023-11-15 23:10:49] [INFO] Bank database connected
