[2023-11-14 23:13:48] [INFO] Starting up...
[2023-11-14 23:13:48] [INFO] Loading cogs...
[2023-11-14 23:13:48] [INFO] Loaded cogs.About_People
[2023-11-14 23:13:48] [INFO] Loaded cogs.admin
[2023-11-14 23:13:48] [INFO] Loaded cogs.economy
[2023-11-14 23:13:48] [INFO] Loaded cogs.fun
[2023-11-14 23:13:48] [INFO] Loaded cogs.owner
[2023-11-14 23:13:48] [INFO] Loaded cogs.marriage
[2023-11-14 23:13:48] [INFO] Loaded cogs.Games
[2023-11-14 23:13:48] [INFO] Loaded cogs.AutoResponses
[2023-11-14 23:13:49] [INFO] Loaded cogs.spot
[2023-11-14 23:13:49] [INFO] Loaded all cogs
[2023-11-14 23:13:51] [INFO] Logged in as Shpike#2203
[2023-11-14 23:13:51] [INFO] ID: 944252688986693752
[2023-11-14 23:13:51] [INFO] Prefix: ['--', '']
[2023-11-14 23:13:51] [INFO] Loaded cogs: 9
[2023-11-14 23:13:51] [INFO] Loaded commands: 72
[2023-11-14 23:13:51] [INFO] Ready!
[2023-11-14 23:13:51] [INFO]                                                          
[2023-11-14 23:13:51] [INFO] Marriage database connected
[2023-11-14 23:13:51] [INFO] Bank database connected
[2023-11-14 23:17:03] [INFO] .derrick deleted a message in Raamou's Restaurants.
Message: Purple
[2023-11-14 23:17:07] [INFO] .derrick deleted a message in Raamou's Restaurants.
Message: There is not much you got to follow
`No one like rules and neither do I so there's only a few rules lol`

** Common sense** : This could literally be the only rule, just use your brain.
 **No Doxxing/DDoSing** (again common sense lol)
 **If youre going to vc, have a set level of maturity**. Dont go into a vc if
you plan on acting like a toddler 
 **Follow Discord's ToS**


`What can i get banned for?`
 Doxxing members of the server, or sharing doxxes with members
 Spam Pinging
[2023-11-14 23:17:10] [INFO] .derrick deleted a message in Raamou's Restaurants.
Message: Da Rulez
[2023-11-14 23:17:13] [INFO] .derrick deleted a message in Raamou's Restaurants.
Message: --embed
[2023-11-14 23:25:33] [INFO] ayrora deleted a message in Raamou's Restaurants.
Message: 
[2023-11-14 23:25:35] [INFO] daderk deleted a message in Raamou's Restaurants.
Message: 
[2023-11-14 23:37:31] [INFO] raamou_ deleted a message in Raamou's Restaurants.
Message: **SCHEDULE FOR THE REMAINDER OF THE WEEK:** Streaming Tuesday-Saturday 7:30-9:30/10 PM MST
[2023-11-14 23:37:41] [INFO] raamou_ edited a message in Raamou's Restaurants.
Before: SCHEDULE FOR THE REMAINDER OF THE WEEK: Streaming Tuesday-Saturday 7:30-9:30/10 PM MST
After: **SCHEDULE FOR THE REMAINDER OF THE WEEK**: Streaming Tuesday-Saturday 7:30-9:30/10 PM MST
